<?xml version="1.0" encoding="UTF-8"?>
<!-- Generated by org.testng.reporters.JUnitReportReporter -->
<testsuite hostname="DESKTOP-2EVVVF8" failures="0" tests="1" name="com.bridgelabz.testcase.Test_object_properties_method" time="21.313" errors="0" timestamp="2021-05-28T16:29:50 IST" skipped="0">
  <testcase classname="com.bridgelabz.testcase.Test_object_properties_method" name="verify_login_Page" time="21.313"/>
  <system-out/>
</testsuite> <!-- com.bridgelabz.testcase.Test_object_properties_method -->
